#
# There is insufficient memory for the Java Runtime Environment to continue.
# Native memory allocation (mmap) failed to map 67108864 bytes for G1 virtual space
# Possible reasons:
#   The system is out of physical RAM or swap space
#   The process is running with CompressedOops enabled, and the Java Heap may be blocking the growth of the native heap
# Possible solutions:
#   Reduce memory load on the system
#   Increase physical memory or swap space
#   Check if swap backing store is full
#   Decrease Java heap size (-Xmx/-Xms)
#   Decrease number of Java threads
#   Decrease Java thread stack sizes (-Xss)
#   Set larger code cache with -XX:ReservedCodeCacheSize=
#   JVM is running with Unscaled Compressed Oops mode in which the Java heap is
#     placed in the first 4GB address space. The Java Heap base address is the
#     maximum limit for the native heap growth. Please use -XX:HeapBaseMinAddress
#     to set the Java Heap base and to place the Java Heap above 4GB virtual address.
# This output file may be truncated or incomplete.
#
#  Out of Memory Error (os_windows.cpp:3552), pid=24348, tid=18492
#
# JRE version: Java(TM) SE Runtime Environment (17.0.9+11) (build 17.0.9+11-LTS-201)
# Java VM: Java HotSpot(TM) 64-Bit Server VM (17.0.9+11-LTS-201, mixed mode, sharing, tiered, compressed oops, compressed class ptrs, g1 gc, windows-amd64)
# No core dump will be written. Minidumps are not enabled by default on client versions of Windows
#

---------------  S U M M A R Y ------------

Command Line: -Dfile.encoding=UTF-8 --module-path=C:\Users\HP\Documents\NetBeansProjects\Bank management System\build\classes bank.management.system.SignupOne

Host: AMD Ryzen 5 5600H with Radeon Graphics         , 12 cores, 7G,  Windows 11 , 64 bit Build 22621 (10.0.22621.3958)
Time: Sun Jul 28 12:50:08 2024 India Standard Time elapsed time: 2.748712 seconds (0d 0h 0m 2s)

---------------  T H R E A D  ---------------

Current thread (0x000001abff702ac0):  VMThread "VM Thread" [stack: 0x00000021c5400000,0x00000021c5500000] [id=18492]

Stack: [0x00000021c5400000,0x00000021c5500000]
Native frames: (J=compiled Java code, j=interpreted, Vv=VM code, C=native code)
V  [jvm.dll+0x678a4a]
V  [jvm.dll+0x7d9cfd]
V  [jvm.dll+0x7db60e]
V  [jvm.dll+0x7dbc73]
V  [jvm.dll+0x245e1f]
V  [jvm.dll+0x6758f9]
V  [jvm.dll+0x66a2a2]
V  [jvm.dll+0x303686]
V  [jvm.dll+0x30ac06]
V  [jvm.dll+0x35a48e]
V  [jvm.dll+0x35a6bf]
V  [jvm.dll+0x2da678]
V  [jvm.dll+0x2d8a85]
V  [jvm.dll+0x2d808c]
V  [jvm.dll+0x31bca1]
V  [jvm.dll+0x7e048b]
V  [jvm.dll+0x7e11c4]
V  [jvm.dll+0x7e16dd]
V  [jvm.dll+0x7e1ab4]
V  [jvm.dll+0x7e1b80]
V  [jvm.dll+0x78998a]
V  [jvm.dll+0x677875]
C  [ucrtbase.dll+0x29333]
C  [KERNEL32.DLL+0x1257d]
C  [ntdll.dll+0x5af28]

VM_Operation (0x00000021c7cfd748): G1TryInitiateConcMark, mode: safepoint, requested by thread 0x000001abde2cf740


---------------  P R O C E S S  ---------------

Threads class SMR info:
_java_thread_list=0x000001abd973ef20, length=21, elements={
0x000001abff7089d0, 0x000001abff709650, 0x000001abff71bba0, 0x000001abff71d570,
0x000001abff71ef40, 0x000001abff71f900, 0x000001abff7206a0, 0x000001abff721150,
0x000001abff723b60, 0x000001abd8048780, 0x000001abd81093d0, 0x000001abd830d640,
0x000001abd831bd10, 0x000001abd92e7260, 0x000001abd9373a40, 0x000001abd9779a40,
0x000001abd98628f0, 0x000001abde0829e0, 0x000001abde2cf740, 0x000001abddf68b20,
0x000001abddf69030
}

Java Threads: ( => current thread )
  0x000001abff7089d0 JavaThread "Reference Handler" daemon [_thread_blocked, id=24256, stack(0x00000021c5500000,0x00000021c5600000)]
  0x000001abff709650 JavaThread "Finalizer" daemon [_thread_blocked, id=24352, stack(0x00000021c5600000,0x00000021c5700000)]
  0x000001abff71bba0 JavaThread "Signal Dispatcher" daemon [_thread_blocked, id=6012, stack(0x00000021c5700000,0x00000021c5800000)]
  0x000001abff71d570 JavaThread "Attach Listener" daemon [_thread_blocked, id=11860, stack(0x00000021c5800000,0x00000021c5900000)]
  0x000001abff71ef40 JavaThread "Service Thread" daemon [_thread_blocked, id=10908, stack(0x00000021c5900000,0x00000021c5a00000)]
  0x000001abff71f900 JavaThread "Monitor Deflation Thread" daemon [_thread_blocked, id=24332, stack(0x00000021c5a00000,0x00000021c5b00000)]
  0x000001abff7206a0 JavaThread "C2 CompilerThread0" daemon [_thread_blocked, id=5368, stack(0x00000021c5b00000,0x00000021c5c00000)]
  0x000001abff721150 JavaThread "C1 CompilerThread0" daemon [_thread_blocked, id=16632, stack(0x00000021c5c00000,0x00000021c5d00000)]
  0x000001abff723b60 JavaThread "Sweeper thread" daemon [_thread_blocked, id=10528, stack(0x00000021c5d00000,0x00000021c5e00000)]
  0x000001abd8048780 JavaThread "Common-Cleaner" daemon [_thread_blocked, id=23736, stack(0x00000021c5e00000,0x00000021c5f00000)]
  0x000001abd81093d0 JavaThread "Notification Thread" daemon [_thread_blocked, id=22956, stack(0x00000021c5f00000,0x00000021c6000000)]
  0x000001abd830d640 JavaThread "Java2D Disposer" daemon [_thread_blocked, id=18780, stack(0x00000021c6100000,0x00000021c6200000)]
  0x000001abd831bd10 JavaThread "AWT-Windows" daemon [_thread_in_native, id=23624, stack(0x00000021c6300000,0x00000021c6400000)]
  0x000001abd92e7260 JavaThread "Image Fetcher 0" daemon [_thread_blocked, id=23784, stack(0x00000021c6e00000,0x00000021c6f00000)]
  0x000001abd9373a40 JavaThread "Image Fetcher 1" daemon [_thread_blocked, id=23208, stack(0x00000021c6200000,0x00000021c6300000)]
  0x000001abd9779a40 JavaThread "C2 CompilerThread1" daemon [_thread_blocked, id=23608, stack(0x00000021c7900000,0x00000021c7a00000)]
  0x000001abd98628f0 JavaThread "C2 CompilerThread2" daemon [_thread_blocked, id=23788, stack(0x00000021c7a00000,0x00000021c7b00000)]
  0x000001abde0829e0 JavaThread "AWT-Shutdown" [_thread_blocked, id=22920, stack(0x00000021c7b00000,0x00000021c7c00000)]
  0x000001abde2cf740 JavaThread "AWT-EventQueue-0" [_thread_blocked, id=19368, stack(0x00000021c7c00000,0x00000021c7d00000)]
  0x000001abddf68b20 JavaThread "DestroyJavaVM" [_thread_blocked, id=17340, stack(0x00000021c4e00000,0x00000021c4f00000)]
  0x000001abddf69030 JavaThread "D3D Screen Updater" daemon [_thread_blocked, id=20164, stack(0x00000021c7e00000,0x00000021c7f00000)]

Other Threads:
=>0x000001abff702ac0 VMThread "VM Thread" [stack: 0x00000021c5400000,0x00000021c5500000] [id=18492]
  0x000001abf450ef20 WatcherThread [stack: 0x00000021c6000000,0x00000021c6100000] [id=12680]
  0x000001abf44f67c0 GCTaskThread "GC Thread#0" [stack: 0x00000021c4f00000,0x00000021c5000000] [id=22632]
  0x000001abd9376000 GCTaskThread "GC Thread#1" [stack: 0x00000021c7000000,0x00000021c7100000] [id=23776]
  0x000001abd93762c0 GCTaskThread "GC Thread#2" [stack: 0x00000021c7100000,0x00000021c7200000] [id=15556]
  0x000001abd93aa3d0 GCTaskThread "GC Thread#3" [stack: 0x00000021c7200000,0x00000021c7300000] [id=23792]
  0x000001abd94eeaf0 GCTaskThread "GC Thread#4" [stack: 0x00000021c7300000,0x00000021c7400000] [id=23744]
  0x000001abd94eedb0 GCTaskThread "GC Thread#5" [stack: 0x00000021c7400000,0x00000021c7500000] [id=23712]
  0x000001abd94ef070 GCTaskThread "GC Thread#6" [stack: 0x00000021c7500000,0x00000021c7600000] [id=23760]
  0x000001abd94f1340 GCTaskThread "GC Thread#7" [stack: 0x00000021c7600000,0x00000021c7700000] [id=23756]
  0x000001abd94f1a10 GCTaskThread "GC Thread#8" [stack: 0x00000021c7700000,0x00000021c7800000] [id=23740]
  0x000001abd81215d0 GCTaskThread "GC Thread#9" [stack: 0x00000021c7f00000,0x00000021c8000000] [id=6656]
  0x000001abf4506210 ConcurrentGCThread "G1 Main Marker" [stack: 0x00000021c5000000,0x00000021c5100000] [id=12624]
  0x000001abf45083d0 ConcurrentGCThread "G1 Conc#0" [stack: 0x00000021c5100000,0x00000021c5200000] [id=1396]
  0x000001abd94ebe80 ConcurrentGCThread "G1 Conc#1" [stack: 0x00000021c6f00000,0x00000021c7000000] [id=18068]
  0x000001abd8296430 ConcurrentGCThread "G1 Conc#2" [stack: 0x00000021c7800000,0x00000021c7900000] [id=17248]
  0x000001abf456e800 ConcurrentGCThread "G1 Refine#0" [stack: 0x00000021c5200000,0x00000021c5300000] [id=21044]
  0x000001abff5c1310 ConcurrentGCThread "G1 Service" [stack: 0x00000021c5300000,0x00000021c5400000] [id=23956]

Threads with active compile tasks:

VM state: at safepoint (normal execution)

VM Mutex/Monitor currently owned by a thread:  ([mutex/lock_event])
[0x000001abf449c420] Threads_lock - owner thread: 0x000001abff702ac0
[0x000001abf449bd60] Heap_lock - owner thread: 0x000001abde2cf740

Heap address: 0x000000008a800000, size: 1880 MB, Compressed Oops mode: 32-bit

CDS archive(s) mapped at: [0x000001ab93000000-0x000001ab93bd0000-0x000001ab93bd0000), size 12386304, SharedBaseAddress: 0x000001ab93000000, ArchiveRelocationMode: 1.
Compressed class space mapped at: 0x000001ab94000000-0x000001abd4000000, reserved size: 1073741824
Narrow klass base: 0x000001ab93000000, Narrow klass shift: 0, Narrow klass range: 0x100000000

GC Precious Log:
 CPUs: 12 total, 12 available
 Memory: 7519M
 Large Page Support: Disabled
 NUMA Support: Disabled
 Compressed Oops: Enabled (32-bit)
 Heap Region Size: 1M
 Heap Min Capacity: 8M
 Heap Initial Capacity: 118M
 Heap Max Capacity: 1880M
 Pre-touch: Disabled
 Parallel Workers: 10
 Concurrent Workers: 3
 Concurrent Refinement Workers: 10
 Periodic GC: Disabled

Heap:
 garbage-first heap   total 253952K, used 150252K [0x000000008a800000, 0x0000000100000000)
  region size 1024K, 2 young (2048K), 2 survivors (2048K)
 Metaspace       used 11077K, committed 11264K, reserved 1114112K
  class space    used 1370K, committed 1472K, reserved 1048576K

Heap Regions: E=young(eden), S=young(survivor), O=old, HS=humongous(starts), HC=humongous(continues), CS=collection set, F=free, OA=open archive, CA=closed archive, TAMS=top-at-mark-start (previous, next)
|   0|0x000000008a800000, 0x000000008a900000, 0x000000008a900000|100%| O|  |TAMS 0x000000008a900000, 0x000000008a900000| Untracked 
|   1|0x000000008a900000, 0x000000008aa00000, 0x000000008aa00000|100%| O|  |TAMS 0x000000008aa00000, 0x000000008aa00000| Untracked 
|   2|0x000000008aa00000, 0x000000008aab7200, 0x000000008ab00000| 71%| O|  |TAMS 0x000000008aab7200, 0x000000008aab7200| Untracked 
|   3|0x000000008ab00000, 0x000000008ac00000, 0x000000008ac00000|100%|HS|  |TAMS 0x000000008ac00000, 0x000000008ac00000| Complete 
|   4|0x000000008ac00000, 0x000000008ad00000, 0x000000008ad00000|100%|HC|  |TAMS 0x000000008ad00000, 0x000000008ad00000| Complete 
|   5|0x000000008ad00000, 0x000000008ae00000, 0x000000008ae00000|100%|HC|  |TAMS 0x000000008ae00000, 0x000000008ae00000| Complete 
|   6|0x000000008ae00000, 0x000000008af00000, 0x000000008af00000|100%|HS|  |TAMS 0x000000008ae00000, 0x000000008af00000| Complete 
|   7|0x000000008af00000, 0x000000008b000000, 0x000000008b000000|100%|HC|  |TAMS 0x000000008af00000, 0x000000008b000000| Complete 
|   8|0x000000008b000000, 0x000000008b000000, 0x000000008b100000|  0%| F|  |TAMS 0x000000008b000000, 0x000000008b000000| Untracked 
|   9|0x000000008b100000, 0x000000008b100000, 0x000000008b200000|  0%| F|  |TAMS 0x000000008b100000, 0x000000008b100000| Untracked 
|  10|0x000000008b200000, 0x000000008b200000, 0x000000008b300000|  0%| F|  |TAMS 0x000000008b200000, 0x000000008b200000| Untracked 
|  11|0x000000008b300000, 0x000000008b300000, 0x000000008b400000|  0%| F|  |TAMS 0x000000008b300000, 0x000000008b300000| Untracked 
|  12|0x000000008b400000, 0x000000008b400000, 0x000000008b500000|  0%| F|  |TAMS 0x000000008b400000, 0x000000008b400000| Untracked 
|  13|0x000000008b500000, 0x000000008b500000, 0x000000008b600000|  0%| F|  |TAMS 0x000000008b500000, 0x000000008b500000| Untracked 
|  14|0x000000008b600000, 0x000000008b600000, 0x000000008b700000|  0%| F|  |TAMS 0x000000008b600000, 0x000000008b600000| Untracked 
|  15|0x000000008b700000, 0x000000008b700000, 0x000000008b800000|  0%| F|  |TAMS 0x000000008b700000, 0x000000008b700000| Untracked 
|  16|0x000000008b800000, 0x000000008b800000, 0x000000008b900000|  0%| F|  |TAMS 0x000000008b800000, 0x000000008b800000| Untracked 
|  17|0x000000008b900000, 0x000000008b900000, 0x000000008ba00000|  0%| F|  |TAMS 0x000000008b900000, 0x000000008b900000| Untracked 
|  18|0x000000008ba00000, 0x000000008ba00000, 0x000000008bb00000|  0%| F|  |TAMS 0x000000008ba00000, 0x000000008ba00000| Untracked 
|  19|0x000000008bb00000, 0x000000008bb00000, 0x000000008bc00000|  0%| F|  |TAMS 0x000000008bb00000, 0x000000008bb00000| Untracked 
|  20|0x000000008bc00000, 0x000000008bc00000, 0x000000008bd00000|  0%| F|  |TAMS 0x000000008bc00000, 0x000000008bc00000| Untracked 
|  21|0x000000008bd00000, 0x000000008bd00000, 0x000000008be00000|  0%| F|  |TAMS 0x000000008bd00000, 0x000000008bd00000| Untracked 
|  22|0x000000008be00000, 0x000000008be00000, 0x000000008bf00000|  0%| F|  |TAMS 0x000000008be00000, 0x000000008be00000| Untracked 
|  23|0x000000008bf00000, 0x000000008bf00000, 0x000000008c000000|  0%| F|  |TAMS 0x000000008bf00000, 0x000000008bf00000| Untracked 
|  24|0x000000008c000000, 0x000000008c000000, 0x000000008c100000|  0%| F|  |TAMS 0x000000008c000000, 0x000000008c000000| Untracked 
|  25|0x000000008c100000, 0x000000008c100000, 0x000000008c200000|  0%| F|  |TAMS 0x000000008c100000, 0x000000008c100000| Untracked 
|  26|0x000000008c200000, 0x000000008c200000, 0x000000008c300000|  0%| F|  |TAMS 0x000000008c200000, 0x000000008c200000| Untracked 
|  27|0x000000008c300000, 0x000000008c300000, 0x000000008c400000|  0%| F|  |TAMS 0x000000008c300000, 0x000000008c300000| Untracked 
|  28|0x000000008c400000, 0x000000008c400000, 0x000000008c500000|  0%| F|  |TAMS 0x000000008c400000, 0x000000008c400000| Untracked 
|  29|0x000000008c500000, 0x000000008c500000, 0x000000008c600000|  0%| F|  |TAMS 0x000000008c500000, 0x000000008c500000| Untracked 
|  30|0x000000008c600000, 0x000000008c600000, 0x000000008c700000|  0%| F|  |TAMS 0x000000008c600000, 0x000000008c600000| Untracked 
|  31|0x000000008c700000, 0x000000008c700000, 0x000000008c800000|  0%| F|  |TAMS 0x000000008c700000, 0x000000008c700000| Untracked 
|  32|0x000000008c800000, 0x000000008c800000, 0x000000008c900000|  0%| F|  |TAMS 0x000000008c800000, 0x000000008c800000| Untracked 
|  33|0x000000008c900000, 0x000000008c900000, 0x000000008ca00000|  0%| F|  |TAMS 0x000000008c900000, 0x000000008c900000| Untracked 
|  34|0x000000008ca00000, 0x000000008ca00000, 0x000000008cb00000|  0%| F|  |TAMS 0x000000008ca00000, 0x000000008ca00000| Untracked 
|  35|0x000000008cb00000, 0x000000008cb00000, 0x000000008cc00000|  0%| F|  |TAMS 0x000000008cb00000, 0x000000008cb00000| Untracked 
|  36|0x000000008cc00000, 0x000000008cc00000, 0x000000008cd00000|  0%| F|  |TAMS 0x000000008cc00000, 0x000000008cc00000| Untracked 
|  37|0x000000008cd00000, 0x000000008cd00000, 0x000000008ce00000|  0%| F|  |TAMS 0x000000008cd00000, 0x000000008cd00000| Untracked 
|  38|0x000000008ce00000, 0x000000008ce00000, 0x000000008cf00000|  0%| F|  |TAMS 0x000000008ce00000, 0x000000008ce00000| Untracked 
|  39|0x000000008cf00000, 0x000000008cf00000, 0x000000008d000000|  0%| F|  |TAMS 0x000000008cf00000, 0x000000008cf00000| Untracked 
|  40|0x000000008d000000, 0x000000008d000000, 0x000000008d100000|  0%| F|  |TAMS 0x000000008d000000, 0x000000008d000000| Untracked 
|  41|0x000000008d100000, 0x000000008d100000, 0x000000008d200000|  0%| F|  |TAMS 0x000000008d100000, 0x000000008d100000| Untracked 
|  42|0x000000008d200000, 0x000000008d200000, 0x000000008d300000|  0%| F|  |TAMS 0x000000008d200000, 0x000000008d200000| Untracked 
|  43|0x000000008d300000, 0x000000008d300000, 0x000000008d400000|  0%| F|  |TAMS 0x000000008d300000, 0x000000008d300000| Untracked 
|  44|0x000000008d400000, 0x000000008d400000, 0x000000008d500000|  0%| F|  |TAMS 0x000000008d400000, 0x000000008d400000| Untracked 
|  45|0x000000008d500000, 0x000000008d500000, 0x000000008d600000|  0%| F|  |TAMS 0x000000008d500000, 0x000000008d500000| Untracked 
|  46|0x000000008d600000, 0x000000008d600000, 0x000000008d700000|  0%| F|  |TAMS 0x000000008d600000, 0x000000008d600000| Untracked 
|  47|0x000000008d700000, 0x000000008d700000, 0x000000008d800000|  0%| F|  |TAMS 0x000000008d700000, 0x000000008d700000| Untracked 
|  48|0x000000008d800000, 0x000000008d800000, 0x000000008d900000|  0%| F|  |TAMS 0x000000008d800000, 0x000000008d800000| Untracked 
|  49|0x000000008d900000, 0x000000008d900000, 0x000000008da00000|  0%| F|  |TAMS 0x000000008d900000, 0x000000008d900000| Untracked 
|  50|0x000000008da00000, 0x000000008da00000, 0x000000008db00000|  0%| F|  |TAMS 0x000000008da00000, 0x000000008da00000| Untracked 
|  51|0x000000008db00000, 0x000000008db00000, 0x000000008dc00000|  0%| F|  |TAMS 0x000000008db00000, 0x000000008db00000| Untracked 
|  52|0x000000008dc00000, 0x000000008dc00000, 0x000000008dd00000|  0%| F|  |TAMS 0x000000008dc00000, 0x000000008dc00000| Untracked 
|  53|0x000000008dd00000, 0x000000008dd00000, 0x000000008de00000|  0%| F|  |TAMS 0x000000008dd00000, 0x000000008dd00000| Untracked 
|  54|0x000000008de00000, 0x000000008de00000, 0x000000008df00000|  0%| F|  |TAMS 0x000000008de00000, 0x000000008de00000| Untracked 
|  55|0x000000008df00000, 0x000000008df00000, 0x000000008e000000|  0%| F|  |TAMS 0x000000008df00000, 0x000000008df00000| Untracked 
|  56|0x000000008e000000, 0x000000008e000000, 0x000000008e100000|  0%| F|  |TAMS 0x000000008e000000, 0x000000008e000000| Untracked 
|  57|0x000000008e100000, 0x000000008e100000, 0x000000008e200000|  0%| F|  |TAMS 0x000000008e100000, 0x000000008e100000| Untracked 
|  58|0x000000008e200000, 0x000000008e200000, 0x000000008e300000|  0%| F|  |TAMS 0x000000008e200000, 0x000000008e200000| Untracked 
|  59|0x000000008e300000, 0x000000008e300000, 0x000000008e400000|  0%| F|  |TAMS 0x000000008e300000, 0x000000008e300000| Untracked 
|  60|0x000000008e400000, 0x000000008e400000, 0x000000008e500000|  0%| F|  |TAMS 0x000000008e400000, 0x000000008e400000| Untracked 
|  61|0x000000008e500000, 0x000000008e500000, 0x000000008e600000|  0%| F|  |TAMS 0x000000008e500000, 0x000000008e500000| Untracked 
|  62|0x000000008e600000, 0x000000008e600000, 0x000000008e700000|  0%| F|  |TAMS 0x000000008e600000, 0x000000008e600000| Untracked 
|  63|0x000000008e700000, 0x000000008e700000, 0x000000008e800000|  0%| F|  |TAMS 0x000000008e700000, 0x000000008e700000| Untracked 
|  64|0x000000008e800000, 0x000000008e800000, 0x000000008e900000|  0%| F|  |TAMS 0x000000008e800000, 0x000000008e800000| Untracked 
|  65|0x000000008e900000, 0x000000008e900000, 0x000000008ea00000|  0%| F|  |TAMS 0x000000008e900000, 0x000000008e900000| Untracked 
|  66|0x000000008ea00000, 0x000000008ea00000, 0x000000008eb00000|  0%| F|  |TAMS 0x000000008ea00000, 0x000000008ea00000| Untracked 
|  67|0x000000008eb00000, 0x000000008eb00000, 0x000000008ec00000|  0%| F|  |TAMS 0x000000008eb00000, 0x000000008eb00000| Untracked 
|  68|0x000000008ec00000, 0x000000008ec00000, 0x000000008ed00000|  0%| F|  |TAMS 0x000000008ec00000, 0x000000008ec00000| Untracked 
|  69|0x000000008ed00000, 0x000000008ed00000, 0x000000008ee00000|  0%| F|  |TAMS 0x000000008ed00000, 0x000000008ed00000| Untracked 
|  70|0x000000008ee00000, 0x000000008ee00000, 0x000000008ef00000|  0%| F|  |TAMS 0x000000008ee00000, 0x000000008ee00000| Untracked 
|  71|0x000000008ef00000, 0x000000008ef00000, 0x000000008f000000|  0%| F|  |TAMS 0x000000008ef00000, 0x000000008ef00000| Untracked 
|  72|0x000000008f000000, 0x000000008f000000, 0x000000008f100000|  0%| F|  |TAMS 0x000000008f000000, 0x000000008f000000| Untracked 
|  73|0x000000008f100000, 0x000000008f100000, 0x000000008f200000|  0%| F|  |TAMS 0x000000008f100000, 0x000000008f100000| Untracked 
|  74|0x000000008f200000, 0x000000008f200000, 0x000000008f300000|  0%| F|  |TAMS 0x000000008f200000, 0x000000008f200000| Untracked 
|  75|0x000000008f300000, 0x000000008f300000, 0x000000008f400000|  0%| F|  |TAMS 0x000000008f300000, 0x000000008f300000| Untracked 
|  76|0x000000008f400000, 0x000000008f400000, 0x000000008f500000|  0%| F|  |TAMS 0x000000008f400000, 0x000000008f400000| Untracked 
|  77|0x000000008f500000, 0x000000008f500000, 0x000000008f600000|  0%| F|  |TAMS 0x000000008f500000, 0x000000008f500000| Untracked 
|  78|0x000000008f600000, 0x000000008f600000, 0x000000008f700000|  0%| F|  |TAMS 0x000000008f600000, 0x000000008f600000| Untracked 
|  79|0x000000008f700000, 0x000000008f700000, 0x000000008f800000|  0%| F|  |TAMS 0x000000008f700000, 0x000000008f700000| Untracked 
|  80|0x000000008f800000, 0x000000008f800000, 0x000000008f900000|  0%| F|  |TAMS 0x000000008f800000, 0x000000008f800000| Untracked 
|  81|0x000000008f900000, 0x000000008f900000, 0x000000008fa00000|  0%| F|  |TAMS 0x000000008f900000, 0x000000008f900000| Untracked 
|  82|0x000000008fa00000, 0x000000008fa00000, 0x000000008fb00000|  0%| F|  |TAMS 0x000000008fa00000, 0x000000008fa00000| Untracked 
|  83|0x000000008fb00000, 0x000000008fb00000, 0x000000008fc00000|  0%| F|  |TAMS 0x000000008fb00000, 0x000000008fb00000| Untracked 
|  84|0x000000008fc00000, 0x000000008fc00000, 0x000000008fd00000|  0%| F|  |TAMS 0x000000008fc00000, 0x000000008fc00000| Untracked 
|  85|0x000000008fd00000, 0x000000008fd00000, 0x000000008fe00000|  0%| F|  |TAMS 0x000000008fd00000, 0x000000008fd00000| Untracked 
|  86|0x000000008fe00000, 0x000000008fe00000, 0x000000008ff00000|  0%| F|  |TAMS 0x000000008fe00000, 0x000000008fe00000| Untracked 
|  87|0x000000008ff00000, 0x000000008ff00000, 0x0000000090000000|  0%| F|  |TAMS 0x000000008ff00000, 0x000000008ff00000| Untracked 
|  88|0x0000000090000000, 0x0000000090000000, 0x0000000090100000|  0%| F|  |TAMS 0x0000000090000000, 0x0000000090000000| Untracked 
|  89|0x0000000090100000, 0x0000000090100000, 0x0000000090200000|  0%| F|  |TAMS 0x0000000090100000, 0x0000000090100000| Untracked 
|  90|0x0000000090200000, 0x0000000090200000, 0x0000000090300000|  0%| F|  |TAMS 0x0000000090200000, 0x0000000090200000| Untracked 
|  91|0x0000000090300000, 0x0000000090300000, 0x0000000090400000|  0%| F|  |TAMS 0x0000000090300000, 0x0000000090300000| Untracked 
|  92|0x0000000090400000, 0x0000000090400000, 0x0000000090500000|  0%| F|  |TAMS 0x0000000090400000, 0x0000000090400000| Untracked 
|  93|0x0000000090500000, 0x0000000090500000, 0x0000000090600000|  0%| F|  |TAMS 0x0000000090500000, 0x0000000090500000| Untracked 
|  94|0x0000000090600000, 0x0000000090600000, 0x0000000090700000|  0%| F|  |TAMS 0x0000000090600000, 0x0000000090600000| Untracked 
|  95|0x0000000090700000, 0x0000000090700000, 0x0000000090800000|  0%| F|  |TAMS 0x0000000090700000, 0x0000000090700000| Untracked 
|  96|0x0000000090800000, 0x0000000090800000, 0x0000000090900000|  0%| F|  |TAMS 0x0000000090800000, 0x0000000090800000| Untracked 
|  97|0x0000000090900000, 0x0000000090900000, 0x0000000090a00000|  0%| F|  |TAMS 0x0000000090900000, 0x0000000090900000| Untracked 
|  98|0x0000000090a00000, 0x0000000090a00000, 0x0000000090b00000|  0%| F|  |TAMS 0x0000000090a00000, 0x0000000090a00000| Untracked 
|  99|0x0000000090b00000, 0x0000000090b03e20, 0x0000000090c00000|  1%| S|CS|TAMS 0x0000000090b00000, 0x0000000090b00000| Complete 
| 100|0x0000000090c00000, 0x0000000090d00000, 0x0000000090d00000|100%| S|CS|TAMS 0x0000000090c00000, 0x0000000090c00000| Complete 
| 101|0x0000000090d00000, 0x0000000090d00000, 0x0000000090e00000|  0%| F|  |TAMS 0x0000000090d00000, 0x0000000090d00000| Untracked 
| 102|0x0000000090e00000, 0x0000000090e00000, 0x0000000090f00000|  0%| F|  |TAMS 0x0000000090e00000, 0x0000000090e00000| Untracked 
| 103|0x0000000090f00000, 0x0000000090f00000, 0x0000000091000000|  0%| F|  |TAMS 0x0000000090f00000, 0x0000000090f00000| Untracked 
| 104|0x0000000091000000, 0x0000000091000000, 0x0000000091100000|  0%| F|  |TAMS 0x0000000091000000, 0x0000000091000000| Untracked 
| 105|0x0000000091100000, 0x0000000091100000, 0x0000000091200000|  0%| F|  |TAMS 0x0000000091100000, 0x0000000091100000| Untracked 
| 106|0x0000000091200000, 0x0000000091200000, 0x0000000091300000|  0%| F|  |TAMS 0x0000000091200000, 0x0000000091200000| Untracked 
| 107|0x0000000091300000, 0x0000000091300000, 0x0000000091400000|  0%| F|  |TAMS 0x0000000091300000, 0x0000000091300000| Untracked 
| 108|0x0000000091400000, 0x0000000091400000, 0x0000000091500000|  0%| F|  |TAMS 0x0000000091400000, 0x0000000091400000| Untracked 
| 109|0x0000000091500000, 0x0000000091500000, 0x0000000091600000|  0%| F|  |TAMS 0x0000000091500000, 0x0000000091500000| Untracked 
| 110|0x0000000091600000, 0x0000000091700000, 0x0000000091700000|100%|HS|  |TAMS 0x0000000091700000, 0x0000000091700000| Complete 
| 111|0x0000000091700000, 0x0000000091800000, 0x0000000091800000|100%|HC|  |TAMS 0x0000000091800000, 0x0000000091800000| Complete 
| 112|0x0000000091800000, 0x0000000091900000, 0x0000000091900000|100%|HC|  |TAMS 0x0000000091900000, 0x0000000091900000| Complete 
| 113|0x0000000091900000, 0x0000000091a00000, 0x0000000091a00000|100%|HC|  |TAMS 0x0000000091a00000, 0x0000000091a00000| Complete 
| 114|0x0000000091a00000, 0x0000000091b00000, 0x0000000091b00000|100%|HC|  |TAMS 0x0000000091b00000, 0x0000000091b00000| Complete 
| 115|0x0000000091b00000, 0x0000000091c00000, 0x0000000091c00000|100%|HC|  |TAMS 0x0000000091c00000, 0x0000000091c00000| Complete 
| 116|0x0000000091c00000, 0x0000000091d00000, 0x0000000091d00000|100%|HC|  |TAMS 0x0000000091d00000, 0x0000000091d00000| Complete 
| 117|0x0000000091d00000, 0x0000000091e00000, 0x0000000091e00000|100%|HC|  |TAMS 0x0000000091e00000, 0x0000000091e00000| Complete 
| 118|0x0000000091e00000, 0x0000000091f00000, 0x0000000091f00000|100%|HC|  |TAMS 0x0000000091f00000, 0x0000000091f00000| Complete 
| 119|0x0000000091f00000, 0x0000000092000000, 0x0000000092000000|100%|HC|  |TAMS 0x0000000092000000, 0x0000000092000000| Complete 
| 120|0x0000000092000000, 0x0000000092100000, 0x0000000092100000|100%|HC|  |TAMS 0x0000000092100000, 0x0000000092100000| Complete 
| 121|0x0000000092100000, 0x0000000092200000, 0x0000000092200000|100%|HC|  |TAMS 0x0000000092200000, 0x0000000092200000| Complete 
| 122|0x0000000092200000, 0x0000000092300000, 0x0000000092300000|100%|HC|  |TAMS 0x0000000092300000, 0x0000000092300000| Complete 
| 123|0x0000000092300000, 0x0000000092400000, 0x0000000092400000|100%|HC|  |TAMS 0x0000000092400000, 0x0000000092400000| Complete 
| 124|0x0000000092400000, 0x0000000092500000, 0x0000000092500000|100%|HC|  |TAMS 0x0000000092500000, 0x0000000092500000| Complete 
| 125|0x0000000092500000, 0x0000000092600000, 0x0000000092600000|100%|HC|  |TAMS 0x0000000092600000, 0x0000000092600000| Complete 
| 126|0x0000000092600000, 0x0000000092700000, 0x0000000092700000|100%|HC|  |TAMS 0x0000000092700000, 0x0000000092700000| Complete 
| 127|0x0000000092700000, 0x0000000092800000, 0x0000000092800000|100%|HC|  |TAMS 0x0000000092800000, 0x0000000092800000| Complete 
| 128|0x0000000092800000, 0x0000000092900000, 0x0000000092900000|100%|HC|  |TAMS 0x0000000092900000, 0x0000000092900000| Complete 
| 129|0x0000000092900000, 0x0000000092a00000, 0x0000000092a00000|100%|HC|  |TAMS 0x0000000092a00000, 0x0000000092a00000| Complete 
| 130|0x0000000092a00000, 0x0000000092b00000, 0x0000000092b00000|100%|HC|  |TAMS 0x0000000092b00000, 0x0000000092b00000| Complete 
| 131|0x0000000092b00000, 0x0000000092c00000, 0x0000000092c00000|100%|HC|  |TAMS 0x0000000092c00000, 0x0000000092c00000| Complete 
| 132|0x0000000092c00000, 0x0000000092d00000, 0x0000000092d00000|100%|HC|  |TAMS 0x0000000092d00000, 0x0000000092d00000| Complete 
| 133|0x0000000092d00000, 0x0000000092e00000, 0x0000000092e00000|100%|HC|  |TAMS 0x0000000092e00000, 0x0000000092e00000| Complete 
| 134|0x0000000092e00000, 0x0000000092f00000, 0x0000000092f00000|100%|HC|  |TAMS 0x0000000092f00000, 0x0000000092f00000| Complete 
| 135|0x0000000092f00000, 0x0000000093000000, 0x0000000093000000|100%|HC|  |TAMS 0x0000000093000000, 0x0000000093000000| Complete 
| 136|0x0000000093000000, 0x0000000093100000, 0x0000000093100000|100%|HC|  |TAMS 0x0000000093100000, 0x0000000093100000| Complete 
| 137|0x0000000093100000, 0x0000000093200000, 0x0000000093200000|100%|HC|  |TAMS 0x0000000093200000, 0x0000000093200000| Complete 
| 138|0x0000000093200000, 0x0000000093300000, 0x0000000093300000|100%|HC|  |TAMS 0x0000000093300000, 0x0000000093300000| Complete 
| 139|0x0000000093300000, 0x0000000093400000, 0x0000000093400000|100%|HC|  |TAMS 0x0000000093400000, 0x0000000093400000| Complete 
| 140|0x0000000093400000, 0x0000000093500000, 0x0000000093500000|100%|HC|  |TAMS 0x0000000093500000, 0x0000000093500000| Complete 
| 141|0x0000000093500000, 0x0000000093600000, 0x0000000093600000|100%|HC|  |TAMS 0x0000000093600000, 0x0000000093600000| Complete 
| 142|0x0000000093600000, 0x0000000093700000, 0x0000000093700000|100%|HC|  |TAMS 0x0000000093700000, 0x0000000093700000| Complete 
| 143|0x0000000093700000, 0x0000000093800000, 0x0000000093800000|100%|HC|  |TAMS 0x0000000093800000, 0x0000000093800000| Complete 
| 144|0x0000000093800000, 0x0000000093900000, 0x0000000093900000|100%|HC|  |TAMS 0x0000000093900000, 0x0000000093900000| Complete 
| 145|0x0000000093900000, 0x0000000093a00000, 0x0000000093a00000|100%|HC|  |TAMS 0x0000000093a00000, 0x0000000093a00000| Complete 
| 146|0x0000000093a00000, 0x0000000093b00000, 0x0000000093b00000|100%|HC|  |TAMS 0x0000000093b00000, 0x0000000093b00000| Complete 
| 147|0x0000000093b00000, 0x0000000093c00000, 0x0000000093c00000|100%|HC|  |TAMS 0x0000000093c00000, 0x0000000093c00000| Complete 
| 148|0x0000000093c00000, 0x0000000093d00000, 0x0000000093d00000|100%|HC|  |TAMS 0x0000000093d00000, 0x0000000093d00000| Complete 
| 149|0x0000000093d00000, 0x0000000093e00000, 0x0000000093e00000|100%|HC|  |TAMS 0x0000000093e00000, 0x0000000093e00000| Complete 
| 150|0x0000000093e00000, 0x0000000093f00000, 0x0000000093f00000|100%|HC|  |TAMS 0x0000000093f00000, 0x0000000093f00000| Complete 
| 151|0x0000000093f00000, 0x0000000094000000, 0x0000000094000000|100%|HC|  |TAMS 0x0000000094000000, 0x0000000094000000| Complete 
| 152|0x0000000094000000, 0x0000000094100000, 0x0000000094100000|100%|HC|  |TAMS 0x0000000094100000, 0x0000000094100000| Complete 
| 153|0x0000000094100000, 0x0000000094200000, 0x0000000094200000|100%|HC|  |TAMS 0x0000000094200000, 0x0000000094200000| Complete 
| 154|0x0000000094200000, 0x0000000094300000, 0x0000000094300000|100%|HC|  |TAMS 0x0000000094300000, 0x0000000094300000| Complete 
| 155|0x0000000094300000, 0x0000000094400000, 0x0000000094400000|100%|HC|  |TAMS 0x0000000094400000, 0x0000000094400000| Complete 
| 156|0x0000000094400000, 0x0000000094500000, 0x0000000094500000|100%|HC|  |TAMS 0x0000000094500000, 0x0000000094500000| Complete 
| 157|0x0000000094500000, 0x0000000094600000, 0x0000000094600000|100%|HC|  |TAMS 0x0000000094600000, 0x0000000094600000| Complete 
| 158|0x0000000094600000, 0x0000000094700000, 0x0000000094700000|100%|HC|  |TAMS 0x0000000094700000, 0x0000000094700000| Complete 
| 159|0x0000000094700000, 0x0000000094800000, 0x0000000094800000|100%|HC|  |TAMS 0x0000000094800000, 0x0000000094800000| Complete 
| 160|0x0000000094800000, 0x0000000094900000, 0x0000000094900000|100%|HC|  |TAMS 0x0000000094900000, 0x0000000094900000| Complete 
| 161|0x0000000094900000, 0x0000000094a00000, 0x0000000094a00000|100%|HC|  |TAMS 0x0000000094a00000, 0x0000000094a00000| Complete 
| 162|0x0000000094a00000, 0x0000000094b00000, 0x0000000094b00000|100%|HC|  |TAMS 0x0000000094b00000, 0x0000000094b00000| Complete 
| 163|0x0000000094b00000, 0x0000000094c00000, 0x0000000094c00000|100%|HC|  |TAMS 0x0000000094c00000, 0x0000000094c00000| Complete 
| 164|0x0000000094c00000, 0x0000000094d00000, 0x0000000094d00000|100%|HC|  |TAMS 0x0000000094d00000, 0x0000000094d00000| Complete 
| 165|0x0000000094d00000, 0x0000000094e00000, 0x0000000094e00000|100%|HC|  |TAMS 0x0000000094e00000, 0x0000000094e00000| Complete 
| 166|0x0000000094e00000, 0x0000000094f00000, 0x0000000094f00000|100%|HC|  |TAMS 0x0000000094f00000, 0x0000000094f00000| Complete 
| 167|0x0000000094f00000, 0x0000000095000000, 0x0000000095000000|100%|HC|  |TAMS 0x0000000095000000, 0x0000000095000000| Complete 
| 168|0x0000000095000000, 0x0000000095100000, 0x0000000095100000|100%|HC|  |TAMS 0x0000000095100000, 0x0000000095100000| Complete 
| 169|0x0000000095100000, 0x0000000095200000, 0x0000000095200000|100%|HC|  |TAMS 0x0000000095200000, 0x0000000095200000| Complete 
| 170|0x0000000095200000, 0x0000000095300000, 0x0000000095300000|100%|HC|  |TAMS 0x0000000095300000, 0x0000000095300000| Complete 
| 171|0x0000000095300000, 0x0000000095400000, 0x0000000095400000|100%|HC|  |TAMS 0x0000000095400000, 0x0000000095400000| Complete 
| 172|0x0000000095400000, 0x0000000095500000, 0x0000000095500000|100%|HC|  |TAMS 0x0000000095500000, 0x0000000095500000| Complete 
| 173|0x0000000095500000, 0x0000000095600000, 0x0000000095600000|100%|HC|  |TAMS 0x0000000095600000, 0x0000000095600000| Complete 
| 174|0x0000000095600000, 0x0000000095700000, 0x0000000095700000|100%|HC|  |TAMS 0x0000000095700000, 0x0000000095700000| Complete 
| 175|0x0000000095700000, 0x0000000095800000, 0x0000000095800000|100%|HC|  |TAMS 0x0000000095800000, 0x0000000095800000| Complete 
| 176|0x0000000095800000, 0x0000000095900000, 0x0000000095900000|100%|HC|  |TAMS 0x0000000095900000, 0x0000000095900000| Complete 
| 177|0x0000000095900000, 0x0000000095a00000, 0x0000000095a00000|100%|HC|  |TAMS 0x0000000095a00000, 0x0000000095a00000| Complete 
| 178|0x0000000095a00000, 0x0000000095b00000, 0x0000000095b00000|100%|HC|  |TAMS 0x0000000095b00000, 0x0000000095b00000| Complete 
| 179|0x0000000095b00000, 0x0000000095c00000, 0x0000000095c00000|100%|HC|  |TAMS 0x0000000095c00000, 0x0000000095c00000| Complete 
| 180|0x0000000095c00000, 0x0000000095d00000, 0x0000000095d00000|100%|HC|  |TAMS 0x0000000095d00000, 0x0000000095d00000| Complete 
| 181|0x0000000095d00000, 0x0000000095e00000, 0x0000000095e00000|100%|HC|  |TAMS 0x0000000095e00000, 0x0000000095e00000| Complete 
| 182|0x0000000095e00000, 0x0000000095f00000, 0x0000000095f00000|100%|HC|  |TAMS 0x0000000095f00000, 0x0000000095f00000| Complete 
| 183|0x0000000095f00000, 0x0000000096000000, 0x0000000096000000|100%|HC|  |TAMS 0x0000000096000000, 0x0000000096000000| Complete 
| 184|0x0000000096000000, 0x0000000096100000, 0x0000000096100000|100%|HC|  |TAMS 0x0000000096100000, 0x0000000096100000| Complete 
| 185|0x0000000096100000, 0x0000000096200000, 0x0000000096200000|100%|HC|  |TAMS 0x0000000096200000, 0x0000000096200000| Complete 
| 186|0x0000000096200000, 0x0000000096300000, 0x0000000096300000|100%|HC|  |TAMS 0x0000000096300000, 0x0000000096300000| Complete 
| 187|0x0000000096300000, 0x0000000096400000, 0x0000000096400000|100%|HC|  |TAMS 0x0000000096400000, 0x0000000096400000| Complete 
| 188|0x0000000096400000, 0x0000000096500000, 0x0000000096500000|100%|HC|  |TAMS 0x0000000096500000, 0x0000000096500000| Complete 
| 189|0x0000000096500000, 0x0000000096600000, 0x0000000096600000|100%|HC|  |TAMS 0x0000000096600000, 0x0000000096600000| Complete 
| 190|0x0000000096600000, 0x0000000096700000, 0x0000000096700000|100%|HC|  |TAMS 0x0000000096700000, 0x0000000096700000| Complete 
| 191|0x0000000096700000, 0x0000000096800000, 0x0000000096800000|100%|HC|  |TAMS 0x0000000096800000, 0x0000000096800000| Complete 
| 192|0x0000000096800000, 0x0000000096900000, 0x0000000096900000|100%|HC|  |TAMS 0x0000000096900000, 0x0000000096900000| Complete 
| 193|0x0000000096900000, 0x0000000096a00000, 0x0000000096a00000|100%|HC|  |TAMS 0x0000000096a00000, 0x0000000096a00000| Complete 
| 194|0x0000000096a00000, 0x0000000096b00000, 0x0000000096b00000|100%|HC|  |TAMS 0x0000000096b00000, 0x0000000096b00000| Complete 
| 195|0x0000000096b00000, 0x0000000096c00000, 0x0000000096c00000|100%|HC|  |TAMS 0x0000000096c00000, 0x0000000096c00000| Complete 
| 196|0x0000000096c00000, 0x0000000096d00000, 0x0000000096d00000|100%|HC|  |TAMS 0x0000000096d00000, 0x0000000096d00000| Complete 
| 197|0x0000000096d00000, 0x0000000096e00000, 0x0000000096e00000|100%|HC|  |TAMS 0x0000000096e00000, 0x0000000096e00000| Complete 
| 198|0x0000000096e00000, 0x0000000096f00000, 0x0000000096f00000|100%|HC|  |TAMS 0x0000000096f00000, 0x0000000096f00000| Complete 
| 199|0x0000000096f00000, 0x0000000097000000, 0x0000000097000000|100%|HC|  |TAMS 0x0000000097000000, 0x0000000097000000| Complete 
| 200|0x0000000097000000, 0x0000000097100000, 0x0000000097100000|100%|HC|  |TAMS 0x0000000097100000, 0x0000000097100000| Complete 
| 201|0x0000000097100000, 0x0000000097200000, 0x0000000097200000|100%|HC|  |TAMS 0x0000000097200000, 0x0000000097200000| Complete 
| 202|0x0000000097200000, 0x0000000097300000, 0x0000000097300000|100%|HC|  |TAMS 0x0000000097300000, 0x0000000097300000| Complete 
| 203|0x0000000097300000, 0x0000000097400000, 0x0000000097400000|100%|HC|  |TAMS 0x0000000097400000, 0x0000000097400000| Complete 
| 204|0x0000000097400000, 0x0000000097500000, 0x0000000097500000|100%|HC|  |TAMS 0x0000000097500000, 0x0000000097500000| Complete 
| 205|0x0000000097500000, 0x0000000097600000, 0x0000000097600000|100%|HC|  |TAMS 0x0000000097600000, 0x0000000097600000| Complete 
| 206|0x0000000097600000, 0x0000000097700000, 0x0000000097700000|100%|HC|  |TAMS 0x0000000097700000, 0x0000000097700000| Complete 
| 207|0x0000000097700000, 0x0000000097800000, 0x0000000097800000|100%|HC|  |TAMS 0x0000000097800000, 0x0000000097800000| Complete 
| 208|0x0000000097800000, 0x0000000097900000, 0x0000000097900000|100%|HC|  |TAMS 0x0000000097900000, 0x0000000097900000| Complete 
| 209|0x0000000097900000, 0x0000000097a00000, 0x0000000097a00000|100%|HC|  |TAMS 0x0000000097a00000, 0x0000000097a00000| Complete 
| 210|0x0000000097a00000, 0x0000000097b00000, 0x0000000097b00000|100%|HC|  |TAMS 0x0000000097b00000, 0x0000000097b00000| Complete 
| 211|0x0000000097b00000, 0x0000000097c00000, 0x0000000097c00000|100%|HC|  |TAMS 0x0000000097c00000, 0x0000000097c00000| Complete 
| 212|0x0000000097c00000, 0x0000000097d00000, 0x0000000097d00000|100%|HC|  |TAMS 0x0000000097d00000, 0x0000000097d00000| Complete 
| 213|0x0000000097d00000, 0x0000000097e00000, 0x0000000097e00000|100%|HC|  |TAMS 0x0000000097e00000, 0x0000000097e00000| Complete 
| 214|0x0000000097e00000, 0x0000000097f00000, 0x0000000097f00000|100%|HC|  |TAMS 0x0000000097f00000, 0x0000000097f00000| Complete 
| 215|0x0000000097f00000, 0x0000000098000000, 0x0000000098000000|100%|HC|  |TAMS 0x0000000098000000, 0x0000000098000000| Complete 
| 216|0x0000000098000000, 0x0000000098100000, 0x0000000098100000|100%|HC|  |TAMS 0x0000000098100000, 0x0000000098100000| Complete 
| 217|0x0000000098100000, 0x0000000098200000, 0x0000000098200000|100%|HC|  |TAMS 0x0000000098200000, 0x0000000098200000| Complete 
| 218|0x0000000098200000, 0x0000000098300000, 0x0000000098300000|100%|HC|  |TAMS 0x0000000098300000, 0x0000000098300000| Complete 
| 219|0x0000000098300000, 0x0000000098400000, 0x0000000098400000|100%|HC|  |TAMS 0x0000000098400000, 0x0000000098400000| Complete 
| 220|0x0000000098400000, 0x0000000098500000, 0x0000000098500000|100%|HC|  |TAMS 0x0000000098500000, 0x0000000098500000| Complete 
| 221|0x0000000098500000, 0x0000000098600000, 0x0000000098600000|100%|HC|  |TAMS 0x0000000098600000, 0x0000000098600000| Complete 
| 222|0x0000000098600000, 0x0000000098700000, 0x0000000098700000|100%|HC|  |TAMS 0x0000000098700000, 0x0000000098700000| Complete 
| 223|0x0000000098700000, 0x0000000098800000, 0x0000000098800000|100%|HC|  |TAMS 0x0000000098800000, 0x0000000098800000| Complete 
| 224|0x0000000098800000, 0x0000000098900000, 0x0000000098900000|100%|HC|  |TAMS 0x0000000098900000, 0x0000000098900000| Complete 
| 225|0x0000000098900000, 0x0000000098a00000, 0x0000000098a00000|100%|HC|  |TAMS 0x0000000098a00000, 0x0000000098a00000| Complete 
| 226|0x0000000098a00000, 0x0000000098b00000, 0x0000000098b00000|100%|HC|  |TAMS 0x0000000098b00000, 0x0000000098b00000| Complete 
| 227|0x0000000098b00000, 0x0000000098c00000, 0x0000000098c00000|100%|HC|  |TAMS 0x0000000098c00000, 0x0000000098c00000| Complete 
| 228|0x0000000098c00000, 0x0000000098d00000, 0x0000000098d00000|100%|HC|  |TAMS 0x0000000098d00000, 0x0000000098d00000| Complete 
| 229|0x0000000098d00000, 0x0000000098e00000, 0x0000000098e00000|100%|HC|  |TAMS 0x0000000098e00000, 0x0000000098e00000| Complete 
| 230|0x0000000098e00000, 0x0000000098f00000, 0x0000000098f00000|100%|HC|  |TAMS 0x0000000098f00000, 0x0000000098f00000| Complete 
| 231|0x0000000098f00000, 0x0000000099000000, 0x0000000099000000|100%|HC|  |TAMS 0x0000000099000000, 0x0000000099000000| Complete 
| 232|0x0000000099000000, 0x0000000099100000, 0x0000000099100000|100%|HC|  |TAMS 0x0000000099100000, 0x0000000099100000| Complete 
| 233|0x0000000099100000, 0x0000000099200000, 0x0000000099200000|100%|HC|  |TAMS 0x0000000099200000, 0x0000000099200000| Complete 
| 234|0x0000000099200000, 0x0000000099300000, 0x0000000099300000|100%|HC|  |TAMS 0x0000000099300000, 0x0000000099300000| Complete 
| 235|0x0000000099300000, 0x0000000099400000, 0x0000000099400000|100%|HC|  |TAMS 0x0000000099400000, 0x0000000099400000| Complete 
| 236|0x0000000099400000, 0x0000000099500000, 0x0000000099500000|100%|HC|  |TAMS 0x0000000099500000, 0x0000000099500000| Complete 
| 237|0x0000000099500000, 0x0000000099600000, 0x0000000099600000|100%|HC|  |TAMS 0x0000000099600000, 0x0000000099600000| Complete 
| 238|0x0000000099600000, 0x0000000099700000, 0x0000000099700000|100%|HC|  |TAMS 0x0000000099700000, 0x0000000099700000| Complete 
| 239|0x0000000099700000, 0x0000000099800000, 0x0000000099800000|100%|HC|  |TAMS 0x0000000099800000, 0x0000000099800000| Complete 
| 240|0x0000000099800000, 0x0000000099900000, 0x0000000099900000|100%|HC|  |TAMS 0x0000000099900000, 0x0000000099900000| Complete 
| 241|0x0000000099900000, 0x0000000099a00000, 0x0000000099a00000|100%|HC|  |TAMS 0x0000000099a00000, 0x0000000099a00000| Complete 
| 242|0x0000000099a00000, 0x0000000099b00000, 0x0000000099b00000|100%|HC|  |TAMS 0x0000000099b00000, 0x0000000099b00000| Complete 
| 243|0x0000000099b00000, 0x0000000099c00000, 0x0000000099c00000|100%|HC|  |TAMS 0x0000000099c00000, 0x0000000099c00000| Complete 
| 244|0x0000000099c00000, 0x0000000099d00000, 0x0000000099d00000|100%|HC|  |TAMS 0x0000000099d00000, 0x0000000099d00000| Complete 
| 245|0x0000000099d00000, 0x0000000099e00000, 0x0000000099e00000|100%|HC|  |TAMS 0x0000000099e00000, 0x0000000099e00000| Complete 
| 246|0x0000000099e00000, 0x0000000099f00000, 0x0000000099f00000|100%|HC|  |TAMS 0x0000000099f00000, 0x0000000099f00000| Complete 
| 247|0x0000000099f00000, 0x000000009a000000, 0x000000009a000000|100%|HC|  |TAMS 0x000000009a000000, 0x000000009a000000| Complete 

Card table byte_map: [0x000001abfc640000,0x000001abfc9f0000] _byte_map_base: 0x000001abfc1ec000

Marking Bits (Prev, Next): (CMBitMap*) 0x000001abf44f6e20, (CMBitMap*) 0x000001abf44f6de0
 Prev Bits: [0x000001ab8f000000, 0x000001ab90d60000)
 Next Bits: [0x000001abfcda0000, 0x000001abfeb00000)

Polling page: 0x000001abf3c70000

Metaspace:

Usage:
  Non-class:      9.48 MB used.
      Class:      1.34 MB used.
       Both:     10.82 MB used.

Virtual space:
  Non-class space:       64.00 MB reserved,       9.56 MB ( 15%) committed,  1 nodes.
      Class space:        1.00 GB reserved,       1.44 MB ( <1%) committed,  1 nodes.
             Both:        1.06 GB reserved,      11.00 MB (  1%) committed. 

Chunk freelists:
   Non-Class:  6.46 MB
       Class:  14.54 MB
        Both:  21.00 MB

MaxMetaspaceSize: unlimited
CompressedClassSpaceSize: 1.00 GB
Initial GC threshold: 21.00 MB
Current GC threshold: 21.00 MB
CDS: on
MetaspaceReclaimPolicy: balanced
 - commit_granule_bytes: 65536.
 - commit_granule_words: 8192.
 - virtual_space_node_default_size: 8388608.
 - enlarge_chunks_in_place: 1.
 - new_chunks_are_fully_committed: 0.
 - uncommit_free_chunks: 1.
 - use_allocation_guard: 0.
 - handle_deallocations: 1.


Internal statistics:

num_allocs_failed_limit: 0.
num_arena_births: 132.
num_arena_deaths: 0.
num_vsnodes_births: 2.
num_vsnodes_deaths: 0.
num_space_committed: 176.
num_space_uncommitted: 0.
num_chunks_returned_to_freelist: 0.
num_chunks_taken_from_freelist: 206.
num_chunk_merges: 0.
num_chunk_splits: 111.
num_chunks_enlarged: 37.
num_inconsistent_stats: 0.

CodeHeap 'non-profiled nmethods': size=120000Kb used=463Kb max_used=463Kb free=119536Kb
 bounds [0x000001ab87ad0000, 0x000001ab87d40000, 0x000001ab8f000000]
CodeHeap 'profiled nmethods': size=120000Kb used=2143Kb max_used=2143Kb free=117856Kb
 bounds [0x000001ab80000000, 0x000001ab80270000, 0x000001ab87530000]
CodeHeap 'non-nmethods': size=5760Kb used=1306Kb max_used=1314Kb free=4453Kb
 bounds [0x000001ab87530000, 0x000001ab877a0000, 0x000001ab87ad0000]
 total_blobs=1881 nmethods=1240 adapters=554
 compilation: enabled
              stopped_count=0, restarted_count=0
 full_count=0

Compilation events (20 events):
Event: 2.695 Thread 0x000001abff721150 1233       3       java.awt.Component::isDisplayable (13 bytes)
Event: 2.695 Thread 0x000001abff721150 nmethod 1233 0x000001ab80213a90 code [0x000001ab80213c20, 0x000001ab80213d98]
Event: 2.695 Thread 0x000001abff721150 1234   !   3       java.awt.Container::getComponent (29 bytes)
Event: 2.696 Thread 0x000001abff721150 nmethod 1234 0x000001ab80213e10 code [0x000001ab80213fe0, 0x000001ab802143c8]
Event: 2.696 Thread 0x000001abff721150 1235       3       javax.swing.plaf.synth.SynthContext::getContext (36 bytes)
Event: 2.696 Thread 0x000001abff721150 nmethod 1235 0x000001ab80214590 code [0x000001ab80214740, 0x000001ab80214a78]
Event: 2.696 Thread 0x000001abff721150 1236       3       javax.swing.plaf.synth.SynthContext::<init> (5 bytes)
Event: 2.696 Thread 0x000001abff721150 nmethod 1236 0x000001ab80214b90 code [0x000001ab80214d20, 0x000001ab80214e78]
Event: 2.696 Thread 0x000001abff721150 1237       3       javax.swing.plaf.synth.SynthContext::getContext (11 bytes)
Event: 2.696 Thread 0x000001abff721150 nmethod 1237 0x000001ab80214f10 code [0x000001ab80215100, 0x000001ab802155b8]
Event: 2.696 Thread 0x000001abff721150 1238       3       javax.swing.plaf.synth.SynthLookAndFeel::getRegion (5 bytes)
Event: 2.697 Thread 0x000001abff721150 nmethod 1238 0x000001ab80215790 code [0x000001ab80215960, 0x000001ab80215d68]
Event: 2.697 Thread 0x000001abff721150 1239       3       sun.awt.AWTAutoShutdown::getInstance (4 bytes)
Event: 2.697 Thread 0x000001abff721150 nmethod 1239 0x000001ab80215e90 code [0x000001ab80216020, 0x000001ab80216118]
Event: 2.697 Thread 0x000001abff721150 1242       3       java.awt.Container::updateChildGraphicsData (55 bytes)
Event: 2.698 Thread 0x000001abff721150 nmethod 1242 0x000001ab80216190 code [0x000001ab802163c0, 0x000001ab80216b58]
Event: 2.698 Thread 0x000001abff721150 1240       3       java.awt.Component::updateGraphicsData (34 bytes)
Event: 2.698 Thread 0x000001abff721150 nmethod 1240 0x000001ab80216e10 code [0x000001ab80216fe0, 0x000001ab80217328]
Event: 2.698 Thread 0x000001abff721150 1241       3       java.awt.Component::updateSelfGraphicsData (38 bytes)
Event: 2.699 Thread 0x000001abff721150 nmethod 1241 0x000001ab80217410 code [0x000001ab80217600, 0x000001ab80217b08]

GC Heap History (11 events):
Event: 0.523 GC heap before
{Heap before GC invocations=0 (full 0):
 garbage-first heap   total 120832K, used 6144K [0x000000008a800000, 0x0000000100000000)
  region size 1024K, 8 young (8192K), 0 survivors (0K)
 Metaspace       used 6500K, committed 6720K, reserved 1114112K
  class space    used 756K, committed 896K, reserved 1048576K
}
Event: 0.527 GC heap after
{Heap after GC invocations=1 (full 0):
 garbage-first heap   total 120832K, used 2928K [0x000000008a800000, 0x0000000100000000)
  region size 1024K, 3 young (3072K), 3 survivors (3072K)
 Metaspace       used 6500K, committed 6720K, reserved 1114112K
  class space    used 756K, committed 896K, reserved 1048576K
}
Event: 0.708 GC heap before
{Heap before GC invocations=1 (full 0):
 garbage-first heap   total 253952K, used 161648K [0x000000008a800000, 0x0000000100000000)
  region size 1024K, 21 young (21504K), 3 survivors (3072K)
 Metaspace       used 6615K, committed 6848K, reserved 1114112K
  class space    used 762K, committed 896K, reserved 1048576K
}
Event: 0.712 GC heap after
{Heap after GC invocations=2 (full 0):
 garbage-first heap   total 253952K, used 144505K [0x000000008a800000, 0x0000000100000000)
  region size 1024K, 1 young (1024K), 1 survivors (1024K)
 Metaspace       used 6615K, committed 6848K, reserved 1114112K
  class space    used 762K, committed 896K, reserved 1048576K
}
Event: 1.193 GC heap before
{Heap before GC invocations=2 (full 0):
 garbage-first heap   total 253952K, used 217209K [0x000000008a800000, 0x0000000100000000)
  region size 1024K, 73 young (74752K), 1 survivors (1024K)
 Metaspace       used 6616K, committed 6848K, reserved 1114112K
  class space    used 762K, committed 896K, reserved 1048576K
}
Event: 1.194 GC heap after
{Heap after GC invocations=3 (full 0):
 garbage-first heap   total 253952K, used 144144K [0x000000008a800000, 0x0000000100000000)
  region size 1024K, 1 young (1024K), 1 survivors (1024K)
 Metaspace       used 6616K, committed 6848K, reserved 1114112K
  class space    used 762K, committed 896K, reserved 1048576K
}
Event: 1.506 GC heap before
{Heap before GC invocations=4 (full 0):
 garbage-first heap   total 253952K, used 194320K [0x000000008a800000, 0x0000000100000000)
  region size 1024K, 52 young (53248K), 1 survivors (1024K)
 Metaspace       used 6628K, committed 6848K, reserved 1114112K
  class space    used 765K, committed 896K, reserved 1048576K
}
Event: 1.507 GC heap after
{Heap after GC invocations=5 (full 0):
 garbage-first heap   total 253952K, used 144168K [0x000000008a800000, 0x0000000100000000)
  region size 1024K, 1 young (1024K), 1 survivors (1024K)
 Metaspace       used 6628K, committed 6848K, reserved 1114112K
  class space    used 765K, committed 896K, reserved 1048576K
}
Event: 2.318 GC heap before
{Heap before GC invocations=6 (full 0):
 garbage-first heap   total 253952K, used 150312K [0x000000008a800000, 0x0000000100000000)
  region size 1024K, 5 young (5120K), 1 survivors (1024K)
 Metaspace       used 6838K, committed 7040K, reserved 1114112K
  class space    used 783K, committed 896K, reserved 1048576K
}
Event: 2.319 GC heap after
{Heap after GC invocations=7 (full 0):
 garbage-first heap   total 253952K, used 147327K [0x000000008a800000, 0x0000000100000000)
  region size 1024K, 1 young (1024K), 1 survivors (1024K)
 Metaspace       used 6838K, committed 7040K, reserved 1114112K
  class space    used 783K, committed 896K, reserved 1048576K
}
Event: 2.745 GC heap before
{Heap before GC invocations=8 (full 0):
 garbage-first heap   total 253952K, used 156543K [0x000000008a800000, 0x0000000100000000)
  region size 1024K, 9 young (9216K), 1 survivors (1024K)
 Metaspace       used 11077K, committed 11264K, reserved 1114112K
  class space    used 1370K, committed 1472K, reserved 1048576K
}

Deoptimization events (20 events):
Event: 2.392 Thread 0x000001abd92e7260 DEOPT PACKING pc=0x000001ab8013e76d sp=0x00000021c6eff0e0
Event: 2.392 Thread 0x000001abd92e7260 DEOPT UNPACKING pc=0x000001ab87582b43 sp=0x00000021c6efe550 mode 0
Event: 2.392 Thread 0x000001abd92e7260 DEOPT PACKING pc=0x000001ab8013e76d sp=0x00000021c6eff0e0
Event: 2.392 Thread 0x000001abd92e7260 DEOPT UNPACKING pc=0x000001ab87582b43 sp=0x00000021c6efe550 mode 0
Event: 2.393 Thread 0x000001abd92e7260 DEOPT PACKING pc=0x000001ab8013e76d sp=0x00000021c6eff0e0
Event: 2.393 Thread 0x000001abd92e7260 DEOPT UNPACKING pc=0x000001ab87582b43 sp=0x00000021c6efe550 mode 0
Event: 2.393 Thread 0x000001abd92e7260 DEOPT PACKING pc=0x000001ab8013e76d sp=0x00000021c6eff0e0
Event: 2.393 Thread 0x000001abd92e7260 DEOPT UNPACKING pc=0x000001ab87582b43 sp=0x00000021c6efe550 mode 0
Event: 2.393 Thread 0x000001abd92e7260 DEOPT PACKING pc=0x000001ab8013e76d sp=0x00000021c6eff0e0
Event: 2.393 Thread 0x000001abd92e7260 DEOPT UNPACKING pc=0x000001ab87582b43 sp=0x00000021c6efe550 mode 0
Event: 2.393 Thread 0x000001abd92e7260 DEOPT PACKING pc=0x000001ab8013e76d sp=0x00000021c6eff0e0
Event: 2.393 Thread 0x000001abd92e7260 DEOPT UNPACKING pc=0x000001ab87582b43 sp=0x00000021c6efe550 mode 0
Event: 2.597 Thread 0x000001abf449f410 Uncommon trap: trap_request=0xffffff45 fr.pc=0x000001ab87afeab8 relative=0x0000000000000278
Event: 2.597 Thread 0x000001abf449f410 Uncommon trap: reason=unstable_if action=reinterpret pc=0x000001ab87afeab8 method=java.util.HashMap.getNode(Ljava/lang/Object;)Ljava/util/HashMap$Node; @ 85 c2
Event: 2.597 Thread 0x000001abf449f410 DEOPT PACKING pc=0x000001ab87afeab8 sp=0x00000021c4efdb60
Event: 2.597 Thread 0x000001abf449f410 DEOPT UNPACKING pc=0x000001ab875823a3 sp=0x00000021c4efdad0 mode 2
Event: 2.597 Thread 0x000001abf449f410 Uncommon trap: trap_request=0xffffff45 fr.pc=0x000001ab87b0e6dc relative=0x000000000000029c
Event: 2.597 Thread 0x000001abf449f410 Uncommon trap: reason=unstable_if action=reinterpret pc=0x000001ab87b0e6dc method=java.util.HashMap.getNode(Ljava/lang/Object;)Ljava/util/HashMap$Node; @ 85 c2
Event: 2.597 Thread 0x000001abf449f410 DEOPT PACKING pc=0x000001ab87b0e6dc sp=0x00000021c4efdba0
Event: 2.597 Thread 0x000001abf449f410 DEOPT UNPACKING pc=0x000001ab875823a3 sp=0x00000021c4efdaa0 mode 2

Classes unloaded (0 events):
No events

Classes redefined (0 events):
No events

Internal exceptions (20 events):
Event: 0.446 Thread 0x000001abf449f410 Exception <a 'java/lang/ClassNotFoundException'{0x000000009182b140}: TextPane> (0x000000009182b140) 
thrown [s\open\src\hotspot\share\classfile\systemDictionary.cpp, line 256]
Event: 0.446 Thread 0x000001abf449f410 Exception <a 'java/lang/ClassNotFoundException'{0x000000009182b5a8}: EditorPane> (0x000000009182b5a8) 
thrown [s\open\src\hotspot\share\classfile\systemDictionary.cpp, line 256]
Event: 0.447 Thread 0x000001abf449f410 Exception <a 'java/lang/ClassNotFoundException'{0x000000009182bf08}: ToolBar> (0x000000009182bf08) 
thrown [s\open\src\hotspot\share\classfile\systemDictionary.cpp, line 256]
Event: 0.447 Thread 0x000001abf449f410 Exception <a 'java/lang/ClassNotFoundException'{0x000000009182c400}: ToolBar> (0x000000009182c400) 
thrown [s\open\src\hotspot\share\classfile\systemDictionary.cpp, line 256]
Event: 0.447 Thread 0x000001abf449f410 Exception <a 'java/lang/ClassNotFoundException'{0x000000009182c760}: Button> (0x000000009182c760) 
thrown [s\open\src\hotspot\share\classfile\systemDictionary.cpp, line 256]
Event: 0.447 Thread 0x000001abf449f410 Exception <a 'java/lang/ClassNotFoundException'{0x000000009182cc28}: ToolBar> (0x000000009182cc28) 
thrown [s\open\src\hotspot\share\classfile\systemDictionary.cpp, line 256]
Event: 0.447 Thread 0x000001abf449f410 Exception <a 'java/lang/ClassNotFoundException'{0x000000009182cf98}: ToggleButton> (0x000000009182cf98) 
thrown [s\open\src\hotspot\share\classfile\systemDictionary.cpp, line 256]
Event: 0.447 Thread 0x000001abf449f410 Exception <a 'java/lang/ClassNotFoundException'{0x000000009182d3d8}: javax/swing/JToolBarSeparator> (0x000000009182d3d8) 
thrown [s\open\src\hotspot\share\classfile\systemDictionary.cpp, line 256]
Event: 0.447 Thread 0x000001abf449f410 Exception <a 'java/lang/ClassNotFoundException'{0x000000009182d6e0}: ToolBarSeparator> (0x000000009182d6e0) 
thrown [s\open\src\hotspot\share\classfile\systemDictionary.cpp, line 256]
Event: 0.447 Thread 0x000001abf449f410 Exception <a 'java/lang/ClassNotFoundException'{0x000000009182dbf8}: ToolTip> (0x000000009182dbf8) 
thrown [s\open\src\hotspot\share\classfile\systemDictionary.cpp, line 256]
Event: 0.449 Thread 0x000001abf449f410 Exception <a 'java/lang/ClassNotFoundException'{0x000000009182e548}: Tree> (0x000000009182e548) 
thrown [s\open\src\hotspot\share\classfile\systemDictionary.cpp, line 256]
Event: 0.449 Thread 0x000001abf449f410 Exception <a 'java/lang/ClassNotFoundException'{0x000000009182ea40}: Tree> (0x000000009182ea40) 
thrown [s\open\src\hotspot\share\classfile\systemDictionary.cpp, line 256]
Event: 0.449 Thread 0x000001abf449f410 Exception <a 'java/lang/ClassNotFoundException'{0x000000009182edb0}: javax/swing/JTreeCell> (0x000000009182edb0) 
thrown [s\open\src\hotspot\share\classfile\systemDictionary.cpp, line 256]
Event: 0.449 Thread 0x000001abf449f410 Exception <a 'java/lang/ClassNotFoundException'{0x000000009182f0b0}: TreeCell> (0x000000009182f0b0) 
thrown [s\open\src\hotspot\share\classfile\systemDictionary.cpp, line 256]
Event: 0.449 Thread 0x000001abf449f410 Exception <a 'java/lang/ClassNotFoundException'{0x000000009182f6b0}: RootPane> (0x000000009182f6b0) 
thrown [s\open\src\hotspot\share\classfile\systemDictionary.cpp, line 256]
Event: 0.519 Thread 0x000001abd92e7260 Exception <a 'java/lang/NoSuchMethodError'{0x00000000917ef2b8}: 'java.lang.Object java.lang.invoke.DirectMethodHandle$Holder.newInvokeSpecial(java.lang.Object, java.lang.Object, java.lang.Object, int, int, int, int, int)'> (0x00000000917ef2b8) 
thrown [s\open\src\hotspot\share\interpreter\linkResolver.cpp, line 759]
Event: 2.302 Thread 0x000001abf449f410 Exception <a 'java/lang/ClassNotFoundException'{0x0000000091200950}: com/sun/swing/internal/plaf/synth/resources/spi/synthProvider> (0x0000000091200950) 
thrown [s\open\src\hotspot\share\classfile\systemDictionary.cpp, line 256]
Event: 2.369 Thread 0x000001abd92e7260 Implicit null exception at 0x000001ab87b0830d to 0x000001ab87b08a39
Event: 2.643 Thread 0x000001abd831bd10 Exception <a 'java/lang/NoSuchMethodError'{0x0000000090e88bc0}: 'void java.lang.invoke.DirectMethodHandle$Holder.invokeVirtual(java.lang.Object, java.lang.Object)'> (0x0000000090e88bc0) 
thrown [s\open\src\hotspot\share\interpreter\linkResolver.cpp, line 759]
Event: 2.659 Thread 0x000001abf449f410 Exception <a 'java/lang/NoSuchMethodError'{0x0000000090fda960}: 'void java.lang.invoke.DirectMethodHandle$Holder.invokeStaticInit(java.lang.Object)'> (0x0000000090fda960) 
thrown [s\open\src\hotspot\share\interpreter\linkResolver.cpp, line 759]

VM Operations (20 events):
Event: 1.507 Executing VM operation: G1TryInitiateConcMark done
Event: 1.511 Executing VM operation: G1Concurrent
Event: 1.512 Executing VM operation: G1Concurrent done
Event: 1.513 Executing VM operation: G1Concurrent
Event: 1.513 Executing VM operation: G1Concurrent done
Event: 2.315 Executing VM operation: HandshakeAllThreads
Event: 2.315 Executing VM operation: HandshakeAllThreads done
Event: 2.318 Executing VM operation: G1TryInitiateConcMark
Event: 2.319 Executing VM operation: G1TryInitiateConcMark done
Event: 2.323 Executing VM operation: G1Concurrent
Event: 2.324 Executing VM operation: G1Concurrent done
Event: 2.325 Executing VM operation: G1Concurrent
Event: 2.325 Executing VM operation: G1Concurrent done
Event: 2.421 Executing VM operation: HandshakeAllThreads
Event: 2.421 Executing VM operation: HandshakeAllThreads done
Event: 2.624 Executing VM operation: HandshakeAllThreads
Event: 2.624 Executing VM operation: HandshakeAllThreads done
Event: 2.636 Executing VM operation: HandshakeAllThreads
Event: 2.636 Executing VM operation: HandshakeAllThreads done
Event: 2.745 Executing VM operation: G1TryInitiateConcMark

Events (20 events):
Event: 2.727 loading class sun/awt/WeakIdentityHashMap$WeakKey done
Event: 2.729 loading class java/awt/event/MouseEvent$1
Event: 2.729 loading class sun/awt/AWTAccessor$MouseEventAccessor
Event: 2.729 loading class sun/awt/AWTAccessor$MouseEventAccessor done
Event: 2.729 loading class java/awt/event/MouseEvent$1 done
Event: 2.729 Thread 0x000001abddf69030 Thread added: 0x000001abddf69030
Event: 2.729 loading class java/awt/geom/Rectangle2D$Double
Event: 2.729 loading class java/awt/geom/Rectangle2D$Double done
Event: 2.729 loading class java/awt/GraphicsCallback$PaintCallback
Event: 2.729 loading class java/awt/GraphicsCallback
Event: 2.729 loading class sun/awt/SunGraphicsCallback
Event: 2.729 loading class sun/awt/SunGraphicsCallback done
Event: 2.729 loading class java/awt/GraphicsCallback done
Event: 2.729 loading class java/awt/GraphicsCallback$PaintCallback done
Event: 2.730 loading class sun/awt/image/BufferedImageGraphicsConfig
Event: 2.730 loading class sun/awt/image/BufferedImageGraphicsConfig done
Event: 2.730 loading class sun/print/PrinterGraphicsConfig
Event: 2.730 loading class sun/print/PrinterGraphicsConfig done
Event: 2.730 loading class sun/java2d/d3d/D3DVolatileSurfaceManager
Event: 2.730 loading class sun/java2d/d3d/D3DVolatileSurfaceManager done


Dynamic libraries:
0x00007ff752550000 - 0x00007ff752560000 	C:\Program Files\Java\jdk-17\bin\java.exe
0x00007ffa1d530000 - 0x00007ffa1d747000 	C:\Windows\SYSTEM32\ntdll.dll
0x00007ffa1b260000 - 0x00007ffa1b324000 	C:\Windows\System32\KERNEL32.DLL
0x00007ffa1ab90000 - 0x00007ffa1af3d000 	C:\Windows\System32\KERNELBASE.dll
0x00007ffa1b090000 - 0x00007ffa1b1a1000 	C:\Windows\System32\ucrtbase.dll
0x00007ffa158e0000 - 0x00007ffa158fb000 	C:\Program Files\Java\jdk-17\bin\VCRUNTIME140.dll
0x00007ff9e22e0000 - 0x00007ff9e22f9000 	C:\Program Files\Java\jdk-17\bin\jli.dll
0x00007ffa1b330000 - 0x00007ffa1b3e2000 	C:\Windows\System32\ADVAPI32.dll
0x00007ffa1d440000 - 0x00007ffa1d4e7000 	C:\Windows\System32\msvcrt.dll
0x00007ffa1bda0000 - 0x00007ffa1be49000 	C:\Windows\System32\sechost.dll
0x00007ffa1af40000 - 0x00007ffa1af68000 	C:\Windows\System32\bcrypt.dll
0x00007ffa1c050000 - 0x00007ffa1c164000 	C:\Windows\System32\RPCRT4.dll
0x00007ffa1c330000 - 0x00007ffa1c4de000 	C:\Windows\System32\USER32.dll
0x00007ffa1b1b0000 - 0x00007ffa1b1d6000 	C:\Windows\System32\win32u.dll
0x00007ff9fbc60000 - 0x00007ff9fbef3000 	C:\Windows\WinSxS\amd64_microsoft.windows.common-controls_6595b64144ccf1df_6.0.22621.3672_none_2713b9d173822955\COMCTL32.dll
0x00007ffa1c010000 - 0x00007ffa1c039000 	C:\Windows\System32\GDI32.dll
0x00007ffa1af70000 - 0x00007ffa1b089000 	C:\Windows\System32\gdi32full.dll
0x00007ffa1aaf0000 - 0x00007ffa1ab8a000 	C:\Windows\System32\msvcp_win.dll
0x00007ffa14050000 - 0x00007ffa1405a000 	C:\Windows\SYSTEM32\VERSION.dll
0x00007ffa1ca20000 - 0x00007ffa1ca51000 	C:\Windows\System32\IMM32.DLL
0x00007ffa15f00000 - 0x00007ffa15f0c000 	C:\Program Files\Java\jdk-17\bin\vcruntime140_1.dll
0x00007ff9c8ae0000 - 0x00007ff9c8b6e000 	C:\Program Files\Java\jdk-17\bin\msvcp140.dll
0x00007ff989f90000 - 0x00007ff98ab71000 	C:\Program Files\Java\jdk-17\bin\server\jvm.dll
0x00007ffa1c040000 - 0x00007ffa1c048000 	C:\Windows\System32\PSAPI.DLL
0x00007ffa0c150000 - 0x00007ffa0c159000 	C:\Windows\SYSTEM32\WSOCK32.dll
0x00007ffa14da0000 - 0x00007ffa14dd4000 	C:\Windows\SYSTEM32\WINMM.dll
0x00007ffa1b9f0000 - 0x00007ffa1ba61000 	C:\Windows\System32\WS2_32.dll
0x00007ffa19840000 - 0x00007ffa19858000 	C:\Windows\SYSTEM32\kernel.appcore.dll
0x00007ffa14fa0000 - 0x00007ffa14faa000 	C:\Program Files\Java\jdk-17\bin\jimage.dll
0x00007ffa114f0000 - 0x00007ffa11722000 	C:\Windows\SYSTEM32\DBGHELP.DLL
0x00007ffa1c690000 - 0x00007ffa1ca1d000 	C:\Windows\System32\combase.dll
0x00007ffa1b470000 - 0x00007ffa1b547000 	C:\Windows\System32\OLEAUT32.dll
0x00007ffa0d6f0000 - 0x00007ffa0d722000 	C:\Windows\SYSTEM32\dbgcore.DLL
0x00007ffa1b1e0000 - 0x00007ffa1b25b000 	C:\Windows\System32\bcryptPrimitives.dll
0x00007ffa150d0000 - 0x00007ffa150f5000 	C:\Program Files\Java\jdk-17\bin\java.dll
0x00007ff9d9c70000 - 0x00007ff9d9d47000 	C:\Program Files\Java\jdk-17\bin\jsvml.dll
0x00007ffa1cbd0000 - 0x00007ffa1d437000 	C:\Windows\System32\SHELL32.dll
0x00007ffa18750000 - 0x00007ffa1904e000 	C:\Windows\SYSTEM32\windows.storage.dll
0x00007ffa18610000 - 0x00007ffa1874f000 	C:\Windows\SYSTEM32\wintypes.dll
0x00007ffa1ba90000 - 0x00007ffa1bb89000 	C:\Windows\System32\SHCORE.dll
0x00007ffa1cae0000 - 0x00007ffa1cb3e000 	C:\Windows\System32\shlwapi.dll
0x00007ffa1a780000 - 0x00007ffa1a7a1000 	C:\Windows\SYSTEM32\profapi.dll
0x00007ffa0ca40000 - 0x00007ffa0ca59000 	C:\Program Files\Java\jdk-17\bin\net.dll
0x00007ffa16540000 - 0x00007ffa16676000 	C:\Windows\SYSTEM32\WINHTTP.dll
0x00007ffa19cb0000 - 0x00007ffa19d19000 	C:\Windows\system32\mswsock.dll
0x00007ff9f8f20000 - 0x00007ff9f8f36000 	C:\Program Files\Java\jdk-17\bin\nio.dll
0x00007ff9f8e20000 - 0x00007ff9f8e38000 	C:\Program Files\Java\jdk-17\bin\zip.dll
0x00007ff9c66d0000 - 0x00007ff9c6861000 	C:\Program Files\Java\jdk-17\bin\awt.dll
0x00007ffa142e0000 - 0x00007ffa14377000 	C:\Windows\SYSTEM32\apphelp.dll
0x00007ffa17f90000 - 0x00007ffa17fbb000 	C:\Windows\system32\DWMAPI.DLL
0x00007ffa17d30000 - 0x00007ffa17de0000 	C:\Windows\system32\uxtheme.dll
0x00007ff9ec040000 - 0x00007ff9ec140000 	C:\Windows\system32\opengl32.dll
0x00007ff9f0a30000 - 0x00007ff9f0a5d000 	C:\Windows\SYSTEM32\GLU32.dll
0x00007ffa17e20000 - 0x00007ffa17e57000 	C:\Windows\SYSTEM32\dxcore.dll
0x00007ffa1be50000 - 0x00007ffa1bfab000 	C:\Windows\System32\MSCTF.dll
0x00007ffa1c4e0000 - 0x00007ffa1c685000 	C:\Windows\System32\ole32.dll
0x00007ff9ec140000 - 0x00007ff9ec2e8000 	C:\Windows\system32\d3d9.dll
0x00007ffa0ca60000 - 0x00007ffa0cc1b000 	C:\Windows\System32\DriverStore\FileRepository\u0403879.inf_amd64_9921c040628baf42\B403709\aticfx64.dll
0x00007ff9de890000 - 0x00007ff9de8c4000 	C:\Windows\System32\DriverStore\FileRepository\u0403879.inf_amd64_9921c040628baf42\B403709\atiu9p64.dll
0x00007ff989240000 - 0x00007ff989f87000 	C:\Windows\System32\DriverStore\FileRepository\u0403879.inf_amd64_9921c040628baf42\B403709\atiumd64.dll
0x000000005fd00000 - 0x0000000060c13000 	C:\Windows\System32\DriverStore\FileRepository\u0403879.inf_amd64_9921c040628baf42\B403709\atiumd6a.dll
0x00007ffa1b570000 - 0x00007ffa1b9e4000 	C:\Windows\System32\SETUPAPI.dll
0x00007ffa1a710000 - 0x00007ffa1a75d000 	C:\Windows\SYSTEM32\POWRPROF.dll
0x00007ffa1a6f0000 - 0x00007ffa1a703000 	C:\Windows\SYSTEM32\UMPDC.dll
0x00007ffa0bd90000 - 0x00007ffa0bdc5000 	C:\Windows\SYSTEM32\amdihk64.dll
0x00007ffa112b0000 - 0x00007ffa112f9000 	C:\Windows\SYSTEM32\directxdatabasehelper.dll
0x00007ff9c3060000 - 0x00007ff9c30e7000 	C:\Program Files\Java\jdk-17\bin\freetype.dll
0x00007ff9c0b20000 - 0x00007ff9c0bf3000 	C:\Program Files\Java\jdk-17\bin\fontmanager.dll
0x00007ffa0abe0000 - 0x00007ffa0ac0e000 	C:\Program Files\Java\jdk-17\bin\javajpeg.dll
0x00007ffa0c130000 - 0x00007ffa0c140000 	C:\Program Files\Java\jdk-17\bin\verify.dll
0x00007ffa1bcf0000 - 0x00007ffa1bda0000 	C:\Windows\System32\clbcatq.dll
0x00007ffa17ab0000 - 0x00007ffa17c61000 	C:\Windows\SYSTEM32\WindowsCodecs.dll
0x00007ff9f5550000 - 0x00007ff9f55ae000 	C:\Windows\system32\dataexchange.dll
0x00007ffa0d460000 - 0x00007ffa0d6ea000 	C:\Windows\system32\twinapi.appcore.dll
0x00007ff9f83e0000 - 0x00007ff9f852e000 	C:\Windows\SYSTEM32\textinputframework.dll

dbghelp: loaded successfully - version: 4.0.5 - missing functions: none
symbol engine: initialized successfully - sym options: 0x614 - pdb path: .;C:\Program Files\Java\jdk-17\bin;C:\Windows\SYSTEM32;C:\Windows\WinSxS\amd64_microsoft.windows.common-controls_6595b64144ccf1df_6.0.22621.3672_none_2713b9d173822955;C:\Program Files\Java\jdk-17\bin\server;C:\Windows\System32\DriverStore\FileRepository\u0403879.inf_amd64_9921c040628baf42\B403709

VM Arguments:
jvm_args: -Dfile.encoding=UTF-8 --module-path=C:\Users\HP\Documents\NetBeansProjects\Bank management System\build\classes 
java_command: bank.management.system.SignupOne
java_class_path (initial): C:\Users\HP\Downloads\jcalendar-tz-1.3.3-4.jar;C:\Users\HP\Downloads\mysql-connector-java-8.0.28.jar;C:\Users\HP\Documents\NetBeansProjects\Bank management System\build\classes
Launcher Type: SUN_STANDARD

[Global flags]
     intx CICompilerCount                          = 4                                         {product} {ergonomic}
     uint ConcGCThreads                            = 3                                         {product} {ergonomic}
     uint G1ConcRefinementThreads                  = 10                                        {product} {ergonomic}
   size_t G1HeapRegionSize                         = 1048576                                   {product} {ergonomic}
    uintx GCDrainStackTargetSize                   = 64                                        {product} {ergonomic}
   size_t InitialHeapSize                          = 123731968                                 {product} {ergonomic}
   size_t MarkStackSize                            = 4194304                                   {product} {ergonomic}
   size_t MaxHeapSize                              = 1971322880                                {product} {ergonomic}
   size_t MaxNewSize                               = 1182793728                                {product} {ergonomic}
   size_t MinHeapDeltaBytes                        = 1048576                                   {product} {ergonomic}
   size_t MinHeapSize                              = 8388608                                   {product} {ergonomic}
    uintx NonNMethodCodeHeapSize                   = 5839372                                {pd product} {ergonomic}
    uintx NonProfiledCodeHeapSize                  = 122909434                              {pd product} {ergonomic}
    uintx ProfiledCodeHeapSize                     = 122909434                              {pd product} {ergonomic}
    uintx ReservedCodeCacheSize                    = 251658240                              {pd product} {ergonomic}
     bool SegmentedCodeCache                       = true                                      {product} {ergonomic}
   size_t SoftMaxHeapSize                          = 1971322880                             {manageable} {ergonomic}
     bool UseCompressedClassPointers               = true                           {product lp64_product} {ergonomic}
     bool UseCompressedOops                        = true                           {product lp64_product} {ergonomic}
     bool UseG1GC                                  = true                                      {product} {ergonomic}
     bool UseLargePagesIndividualAllocation        = false                                  {pd product} {ergonomic}

Logging:
Log output configuration:
 #0: stdout all=warning uptime,level,tags
 #1: stderr all=off uptime,level,tags

Environment Variables:
PATH=C:\Program Files\Common Files\Oracle\Java\javapath;C:\Windows\system32;C:\Windows;C:\Windows\System32\Wbem;C:\Windows\System32\WindowsPowerShell\v1.0\;C:\Windows\System32\OpenSSH\;C:\Program Files\Microsoft VS Code\bin;C:\Users\HP\Downloads\jdk-22_windows-x64_bin\jdk-22.0.1\bin;C:\Users\HP\AppData\Local\Programs\Python\Python312;C:\MinGW\bin;C:\Users\HP\AppData\Local\Programs\Python\Python312;C:\Users\HP\AppData\Local\Programs\Python\Python312\Scripts;C:\Program Files\MySQL\MySQL Server 8.0\bin;C:\Program Files\Git\cmd;C:\Users\HP\Downloads\jdk-22_windows-x64_bin\jdk-22.0.1\bin\javap;C:\Program Files\Java\jdk-17\bin;C:\Program Files\MySQL\MySQL Shell 8.0\bin\;C:\Users\HP\AppData\Local\Programs\Python\Launcher\;C:\Users\HP\AppData\Local\Microsoft\WindowsApps;C:\Program Files\JetBrains\IntelliJ IDEA 2024.1.4\bin;;C:\Program Files\JetBrains\PyCharm 2024.1.4\bin;;C:\Program Files\JetBrains\DataGrip 2024.1.4\bin;;C:\Users\HP\AppData\Local\JetBrains\Toolbox\scripts;;C:\Program Files\JetBrains\IntelliJ IDEA Community Edition 2024.1.4\bin;;C:\Program Files\JetBrains\PyCharm Community Edition 2024.1.4\bin;
USERNAME=HP
OS=Windows_NT
PROCESSOR_IDENTIFIER=AMD64 Family 25 Model 80 Stepping 0, AuthenticAMD



---------------  S Y S T E M  ---------------

OS:
 Windows 11 , 64 bit Build 22621 (10.0.22621.3958)
OS uptime: 1 days 0:10 hours
Hyper-V role detected

CPU: total 12 (initial active 12) (12 cores per cpu, 2 threads per core) family 25 model 80 stepping 0 microcode 0x0, cx8, cmov, fxsr, ht, mmx, 3dnowpref, sse, sse2, sse3, ssse3, sse4a, sse4.1, sse4.2, popcnt, lzcnt, tsc, tscinvbit, avx, avx2, aes, erms, clmul, bmi1, bmi2, adx, sha, fma, vzeroupper, clflush, clflushopt, hv

Memory: 4k page, system-wide physical 7519M (757M free)
TotalPageFile size 31071M (AvailPageFile size 0M)
current process WorkingSet (physical memory assigned to process): 313M, peak: 313M
current process commit charge ("private bytes"): 392M, peak: 456M

vm_info: Java HotSpot(TM) 64-Bit Server VM (17.0.9+11-LTS-201) for windows-amd64 JRE (17.0.9+11-LTS-201), built on Oct 10 2023 23:16:06 by "mach5one" with MS VC++ 17.1 (VS2022)

END.
